{"/Users/user/NylonEric/hack_reactor/SDC/NylonEric-SDC/config/db.config.js": {"path":"/Users/user/NylonEric/hack_reactor/SDC/NylonEric-SDC/config/db.config.js","statementMap":{"0":{"start":{"line":1,"column":0},"end":{"line":13,"column":2}}},"fnMap":{},"branchMap":{},"s":{"0":1},"f":{},"b":{},"_coverageSchema":"1a1c01bbd47fc00a2c39e90264f33305004495a9","hash":"e2ef21e2dfc2e6a3d8175d3e4c0f5420207f828d"}
,"/Users/user/NylonEric/hack_reactor/SDC/NylonEric-SDC/models/index.js": {"path":"/Users/user/NylonEric/hack_reactor/SDC/NylonEric-SDC/models/index.js","statementMap":{"0":{"start":{"line":1,"column":17},"end":{"line":1,"column":50}},"1":{"start":{"line":3,"column":18},"end":{"line":3,"column":38}},"2":{"start":{"line":17,"column":11},"end":{"line":17,"column":13}},"3":{"start":{"line":24,"column":0},"end":{"line":24,"column":20}}},"fnMap":{},"branchMap":{},"s":{"0":1,"1":1,"2":1,"3":1},"f":{},"b":{},"_coverageSchema":"1a1c01bbd47fc00a2c39e90264f33305004495a9","hash":"1a2fa8da6f0e2b180d2f4bf2fe71bd4109d34a61"}
,"/Users/user/NylonEric/hack_reactor/SDC/NylonEric-SDC/scripts/sum.js": {"path":"/Users/user/NylonEric/hack_reactor/SDC/NylonEric-SDC/scripts/sum.js","statementMap":{"0":{"start":{"line":1,"column":12},"end":{"line":3,"column":1}},"1":{"start":{"line":2,"column":2},"end":{"line":2,"column":15}},"2":{"start":{"line":5,"column":0},"end":{"line":5,"column":21}}},"fnMap":{"0":{"name":"(anonymous_0)","decl":{"start":{"line":1,"column":12},"end":{"line":1,"column":13}},"loc":{"start":{"line":1,"column":22},"end":{"line":3,"column":1}},"line":1}},"branchMap":{},"s":{"0":1,"1":1,"2":1},"f":{"0":1},"b":{},"_coverageSchema":"1a1c01bbd47fc00a2c39e90264f33305004495a9","hash":"a45106373b20818d47c6f6c50df8bc17b9220fc3"}
,"/Users/user/NylonEric/hack_reactor/SDC/NylonEric-SDC/server/mockData.js": {"path":"/Users/user/NylonEric/hack_reactor/SDC/NylonEric-SDC/server/mockData.js","statementMap":{"0":{"start":{"line":1,"column":17},"end":{"line":90,"column":1}},"1":{"start":{"line":92,"column":15},"end":{"line":450,"column":1}},"2":{"start":{"line":452,"column":16},"end":{"line":457,"column":1}},"3":{"start":{"line":459,"column":0},"end":{"line":463,"column":2}}},"fnMap":{},"branchMap":{},"s":{"0":1,"1":1,"2":1,"3":1},"f":{},"b":{},"_coverageSchema":"1a1c01bbd47fc00a2c39e90264f33305004495a9","hash":"c07c47b51549b661be7c41c2f195b092d20c4fb7"}
,"/Users/user/NylonEric/hack_reactor/SDC/NylonEric-SDC/server/server.js": {"path":"/Users/user/NylonEric/hack_reactor/SDC/NylonEric-SDC/server/server.js","statementMap":{"0":{"start":{"line":1,"column":16},"end":{"line":1,"column":34}},"1":{"start":{"line":2,"column":19},"end":{"line":2,"column":41}},"2":{"start":{"line":3,"column":21},"end":{"line":3,"column":51}},"3":{"start":{"line":4,"column":20},"end":{"line":4,"column":35}},"4":{"start":{"line":5,"column":19},"end":{"line":5,"column":47}},"5":{"start":{"line":6,"column":20},"end":{"line":6,"column":49}},"6":{"start":{"line":7,"column":11},"end":{"line":7,"column":31}},"7":{"start":{"line":9,"column":12},"end":{"line":9,"column":21}},"8":{"start":{"line":11,"column":0},"end":{"line":11,"column":48}},"9":{"start":{"line":12,"column":0},"end":{"line":12,"column":41}},"10":{"start":{"line":14,"column":0},"end":{"line":17,"column":3}},"11":{"start":{"line":15,"column":2},"end":{"line":15,"column":18}},"12":{"start":{"line":16,"column":2},"end":{"line":16,"column":41}},"13":{"start":{"line":20,"column":0},"end":{"line":25,"column":3}},"14":{"start":{"line":21,"column":2},"end":{"line":21,"column":18}},"15":{"start":{"line":24,"column":2},"end":{"line":24,"column":41}},"16":{"start":{"line":28,"column":0},"end":{"line":34,"column":3}},"17":{"start":{"line":29,"column":19},"end":{"line":29,"column":41}},"18":{"start":{"line":30,"column":2},"end":{"line":30,"column":18}},"19":{"start":{"line":33,"column":2},"end":{"line":33,"column":40}},"20":{"start":{"line":37,"column":0},"end":{"line":43,"column":3}},"21":{"start":{"line":38,"column":19},"end":{"line":38,"column":41}},"22":{"start":{"line":39,"column":2},"end":{"line":39,"column":18}},"23":{"start":{"line":42,"column":2},"end":{"line":42,"column":39}},"24":{"start":{"line":46,"column":0},"end":{"line":52,"column":3}},"25":{"start":{"line":47,"column":19},"end":{"line":47,"column":41}},"26":{"start":{"line":48,"column":2},"end":{"line":48,"column":18}},"27":{"start":{"line":51,"column":2},"end":{"line":51,"column":40}},"28":{"start":{"line":54,"column":0},"end":{"line":54,"column":21}}},"fnMap":{"0":{"name":"(anonymous_0)","decl":{"start":{"line":14,"column":13},"end":{"line":14,"column":14}},"loc":{"start":{"line":14,"column":27},"end":{"line":17,"column":1}},"line":14},"1":{"name":"(anonymous_1)","decl":{"start":{"line":20,"column":21},"end":{"line":20,"column":22}},"loc":{"start":{"line":20,"column":35},"end":{"line":25,"column":1}},"line":20},"2":{"name":"(anonymous_2)","decl":{"start":{"line":28,"column":33},"end":{"line":28,"column":34}},"loc":{"start":{"line":28,"column":47},"end":{"line":34,"column":1}},"line":28},"3":{"name":"(anonymous_3)","decl":{"start":{"line":37,"column":40},"end":{"line":37,"column":41}},"loc":{"start":{"line":37,"column":54},"end":{"line":43,"column":1}},"line":37},"4":{"name":"(anonymous_4)","decl":{"start":{"line":46,"column":41},"end":{"line":46,"column":42}},"loc":{"start":{"line":46,"column":55},"end":{"line":52,"column":1}},"line":46}},"branchMap":{},"s":{"0":1,"1":1,"2":1,"3":1,"4":1,"5":1,"6":1,"7":1,"8":1,"9":1,"10":1,"11":1,"12":1,"13":1,"14":1,"15":1,"16":1,"17":1,"18":1,"19":1,"20":1,"21":1,"22":1,"23":1,"24":1,"25":1,"26":1,"27":1,"28":1},"f":{"0":1,"1":1,"2":1,"3":1,"4":1},"b":{},"_coverageSchema":"1a1c01bbd47fc00a2c39e90264f33305004495a9","hash":"4ebb7cf4ceeccf176f5fb19f94c1c166314fbf9b"}
}
